INFO:     Started server process [39630]
INFO:     Waiting for application startup.
2026-03-09 16:19:52,309 - src.main - INFO - Initializing Anomaly Detection Service...
2026-03-09 16:19:52,310 - src.kafka_producer - INFO - Connected to Kafka at localhost:9092
2026-03-09 16:19:52,310 - src.kafka_consumer - INFO - Starting Anomaly Consumer for topics: ['logs.raw', 'metrics.raw']
2026-03-09 16:19:52,310 - kafka.consumer.subscription_state - INFO - Updating subscribed topics to: ('logs.raw', 'metrics.raw')
INFO:     Application startup complete.
2026-03-09 16:19:52,310 - src.kafka_consumer - INFO - Anomaly Consumer successfully connected to Kafka and started polling.
INFO:     Uvicorn running on http://0.0.0.0:8003 (Press CTRL+C to quit)
2026-03-09 16:19:52,313 - kafka.conn - INFO - <BrokerConnection node_id=bootstrap-0 host=localhost:9092 <connecting> [IPv6 ('::1', 9092, 0, 0)]>: connecting to localhost:9092 [('::1', 9092, 0, 0) IPv6]
2026-03-09 16:19:52,361 - kafka.conn - INFO - <BrokerConnection node_id=bootstrap-0 host=localhost:9092 <connecting> [IPv6 ('::1', 9092, 0, 0)]>: connecting to localhost:9092 [('::1', 9092, 0, 0) IPv6]
2026-03-09 16:19:52,361 - kafka.conn - INFO - <BrokerConnection node_id=bootstrap-0 host=localhost:9092 <connecting> [IPv6 ('::1', 9092, 0, 0)]>: Connection complete.
2026-03-09 16:19:52,418 - kafka.conn - INFO - <BrokerConnection node_id=bootstrap-0 host=localhost:9092 <connecting> [IPv6 ('::1', 9092, 0, 0)]>: Connection complete.
2026-03-09 16:19:52,523 - kafka.cluster - INFO - Group coordinator for anomaly_detection_group is BrokerMetadata(nodeId='coordinator-1', host='localhost', port=9092, rack=None)
2026-03-09 16:19:52,523 - kafka.coordinator - INFO - Discovered coordinator coordinator-1 for group anomaly_detection_group
2026-03-09 16:19:52,523 - kafka.coordinator - INFO - Starting new heartbeat thread
2026-03-09 16:19:52,523 - kafka.coordinator.consumer - INFO - Revoking previously assigned partitions set() for group anomaly_detection_group
2026-03-09 16:19:52,524 - kafka.conn - INFO - <BrokerConnection node_id=coordinator-1 host=localhost:9092 <connecting> [IPv6 ('::1', 9092, 0, 0)]>: connecting to localhost:9092 [('::1', 9092, 0, 0) IPv6]
2026-03-09 16:19:52,626 - kafka.conn - INFO - <BrokerConnection node_id=coordinator-1 host=localhost:9092 <connecting> [IPv6 ('::1', 9092, 0, 0)]>: Connection complete.
2026-03-09 16:19:52,626 - kafka.conn - INFO - <BrokerConnection node_id=bootstrap-0 host=localhost:9092 <connected> [IPv6 ('::1', 9092, 0, 0)]>: Closing connection. 
2026-03-09 16:19:52,727 - kafka.coordinator - INFO - (Re-)joining group anomaly_detection_group
2026-03-09 16:19:55,743 - kafka.coordinator - INFO - Elected group leader -- performing partition assignments using range
2026-03-09 16:19:55,744 - kafka.conn - INFO - <BrokerConnection node_id=1 host=localhost:9092 <connecting> [IPv6 ('::1', 9092, 0, 0)]>: connecting to localhost:9092 [('::1', 9092, 0, 0) IPv6]
2026-03-09 16:19:55,745 - kafka.conn - INFO - <BrokerConnection node_id=1 host=localhost:9092 <connecting> [IPv6 ('::1', 9092, 0, 0)]>: Connection complete.
2026-03-09 16:19:55,759 - kafka.coordinator - INFO - Successfully joined group anomaly_detection_group with generation 6
2026-03-09 16:19:55,760 - kafka.consumer.subscription_state - INFO - Updated partition assignment: [TopicPartition(topic='logs.raw', partition=0), TopicPartition(topic='metrics.raw', partition=0)]
2026-03-09 16:19:55,760 - kafka.coordinator.consumer - INFO - Setting newly assigned partitions {TopicPartition(topic='logs.raw', partition=0), TopicPartition(topic='metrics.raw', partition=0)} for group anomaly_detection_group
2026-03-09 16:20:24,285 - src.kafka_consumer - WARNING - ANOMALY DETECTED: ERROR_LOG in payment-api (Value: Database connection timeout)
2026-03-09 16:20:24,288 - kafka.conn - INFO - <BrokerConnection node_id=1 host=localhost:9092 <connecting> [IPv6 ('::1', 9092, 0, 0)]>: connecting to localhost:9092 [('::1', 9092, 0, 0) IPv6]
2026-03-09 16:20:24,288 - kafka.conn - INFO - <BrokerConnection node_id=1 host=localhost:9092 <connecting> [IPv6 ('::1', 9092, 0, 0)]>: Connection complete.
2026-03-09 16:20:24,288 - kafka.conn - INFO - <BrokerConnection node_id=bootstrap-0 host=localhost:9092 <connected> [IPv6 ('::1', 9092, 0, 0)]>: Closing connection. 
2026-03-09 16:20:24,471 - src.kafka_consumer - WARNING - ANOMALY DETECTED: HIGH_CPU in payment-api (Value: 96.0)
2026-03-09 16:20:24,472 - src.kafka_consumer - WARNING - ANOMALY DETECTED: HIGH_LATENCY in payment-api (Value: 1200.0)
2026-03-09 16:20:24,474 - src.kafka_consumer - WARNING - ANOMALY DETECTED: HIGH_ERROR_RATE in payment-api (Value: 0.15)
