INFO:     Started server process [39634]
INFO:     Waiting for application startup.
2026-03-09 16:19:52,571 - src.main - INFO - Initializing Incident Management Service...
2026-03-09 16:19:52,572 - src.kafka_producer - INFO - Connected to Kafka at localhost:9092
2026-03-09 16:19:52,572 - src.kafka_consumer - INFO - Starting Anomaly Consumer on topic: anomalies.detected
2026-03-09 16:19:52,572 - kafka.consumer.subscription_state - INFO - Updating subscribed topics to: ('anomalies.detected',)
INFO:     Application startup complete.
2026-03-09 16:19:52,572 - src.kafka_consumer - INFO - Incident Management Consumer successfully connected to Kafka.
INFO:     Uvicorn running on http://0.0.0.0:8004 (Press CTRL+C to quit)
2026-03-09 16:19:52,576 - kafka.conn - INFO - <BrokerConnection node_id=bootstrap-0 host=localhost:9092 <connecting> [IPv6 ('::1', 9092, 0, 0)]>: connecting to localhost:9092 [('::1', 9092, 0, 0) IPv6]
2026-03-09 16:19:52,623 - kafka.conn - INFO - <BrokerConnection node_id=bootstrap-0 host=localhost:9092 <connecting> [IPv6 ('::1', 9092, 0, 0)]>: connecting to localhost:9092 [('::1', 9092, 0, 0) IPv6]
2026-03-09 16:19:52,624 - kafka.conn - INFO - <BrokerConnection node_id=bootstrap-0 host=localhost:9092 <connecting> [IPv6 ('::1', 9092, 0, 0)]>: Connection complete.
2026-03-09 16:19:52,681 - kafka.conn - INFO - <BrokerConnection node_id=bootstrap-0 host=localhost:9092 <connecting> [IPv6 ('::1', 9092, 0, 0)]>: Connection complete.
2026-03-09 16:19:52,789 - kafka.cluster - INFO - Group coordinator for incident_management_group is BrokerMetadata(nodeId='coordinator-1', host='localhost', port=9092, rack=None)
2026-03-09 16:19:52,789 - kafka.coordinator - INFO - Discovered coordinator coordinator-1 for group incident_management_group
2026-03-09 16:19:52,789 - kafka.coordinator - INFO - Starting new heartbeat thread
2026-03-09 16:19:52,789 - kafka.coordinator.consumer - INFO - Revoking previously assigned partitions set() for group incident_management_group
2026-03-09 16:19:52,789 - kafka.conn - INFO - <BrokerConnection node_id=coordinator-1 host=localhost:9092 <connecting> [IPv6 ('::1', 9092, 0, 0)]>: connecting to localhost:9092 [('::1', 9092, 0, 0) IPv6]
2026-03-09 16:19:52,892 - kafka.conn - INFO - <BrokerConnection node_id=coordinator-1 host=localhost:9092 <connecting> [IPv6 ('::1', 9092, 0, 0)]>: Connection complete.
2026-03-09 16:19:52,892 - kafka.conn - INFO - <BrokerConnection node_id=bootstrap-0 host=localhost:9092 <connected> [IPv6 ('::1', 9092, 0, 0)]>: Closing connection. 
2026-03-09 16:19:52,992 - kafka.coordinator - INFO - (Re-)joining group incident_management_group
2026-03-09 16:19:55,999 - kafka.coordinator - INFO - Elected group leader -- performing partition assignments using range
2026-03-09 16:19:56,043 - kafka.conn - INFO - <BrokerConnection node_id=1 host=localhost:9092 <connecting> [IPv6 ('::1', 9092, 0, 0)]>: connecting to localhost:9092 [('::1', 9092, 0, 0) IPv6]
2026-03-09 16:19:56,044 - kafka.conn - INFO - <BrokerConnection node_id=1 host=localhost:9092 <connecting> [IPv6 ('::1', 9092, 0, 0)]>: Connection complete.
2026-03-09 16:19:56,050 - kafka.coordinator - INFO - Successfully joined group incident_management_group with generation 5
2026-03-09 16:19:56,050 - kafka.consumer.subscription_state - INFO - Updated partition assignment: [TopicPartition(topic='anomalies.detected', partition=0)]
2026-03-09 16:19:56,050 - kafka.coordinator.consumer - INFO - Setting newly assigned partitions {TopicPartition(topic='anomalies.detected', partition=0)} for group incident_management_group
2026-03-09 16:20:24,295 - src.kafka_consumer - INFO - Created new incident 17cd9957-792d-4a6c-beda-72c67516dd30 [MEDIUM] for service payment-api
2026-03-09 16:20:24,297 - kafka.conn - INFO - <BrokerConnection node_id=1 host=localhost:9092 <connecting> [IPv6 ('::1', 9092, 0, 0)]>: connecting to localhost:9092 [('::1', 9092, 0, 0) IPv6]
2026-03-09 16:20:24,297 - kafka.conn - INFO - <BrokerConnection node_id=1 host=localhost:9092 <connecting> [IPv6 ('::1', 9092, 0, 0)]>: Connection complete.
2026-03-09 16:20:24,297 - kafka.conn - INFO - <BrokerConnection node_id=bootstrap-0 host=localhost:9092 <connected> [IPv6 ('::1', 9092, 0, 0)]>: Closing connection. 
2026-03-09 16:20:24,473 - src.kafka_consumer - INFO - Created new incident 8a5b8dd8-7ac2-4fa3-a2d1-b233d6ce1819 [HIGH] for service payment-api
2026-03-09 16:20:24,478 - src.kafka_consumer - INFO - Created new incident 60c6606a-e59e-4c51-affb-49141938cfee [HIGH] for service payment-api
2026-03-09 16:20:24,481 - src.kafka_consumer - INFO - Created new incident 4c07a701-5a35-4526-b56b-a3448228cfdb [CRITICAL] for service payment-api
INFO:     127.0.0.1:55768 - "GET /incidents HTTP/1.1" 200 OK
INFO:     127.0.0.1:55774 - "GET /incidents HTTP/1.1" 200 OK
